This is pdfTeX, Version 3.14159265-2.6-1.40.21 (MiKTeX 2.9.7440 64-bit) (preloaded format=pdflatex 2020.6.7)  7 JUN 2020 17:23
entering extended mode
**./presentation.tex
(presentation.tex
LaTeX2e <2018-12-01>
("C:\Users\Pierce\AppData\Local\Programs\MiKTeX 2.9\tex/latex/beamer\beamer.cls
"
Document Class: beamer 2020/05/06 v3.58 A class for typesetting presentations

("C:\Users\Pierce\AppData\Local\Programs\MiKTeX 2.9\tex/latex/beamer\beamerbase
modes.sty"
("C:\Users\Pierce\AppData\Local\Programs\MiKTeX 2.9\tex/latex/etoolbox\etoolbox
.sty"
Package: etoolbox 2019/09/21 v2.5h e-TeX tools for LaTeX (JAW)
\etb@tempcnta=\count80
)
\beamer@tempbox=\box27
\beamer@tempcount=\count81
\c@beamerpauses=\count82

("C:\Users\Pierce\AppData\Local\Programs\MiKTeX 2.9\tex/latex/beamer\beamerbase
decode.sty"
\beamer@slideinframe=\count83
\beamer@minimum=\count84
\beamer@decode@box=\box28
)
\beamer@commentbox=\box29
\beamer@modecount=\count85
)
("C:\Users\Pierce\AppData\Local\Programs\MiKTeX 2.9\tex/generic/iftex\ifpdf.sty
"
Package: ifpdf 2019/10/25 v3.4 ifpdf legacy package. Use iftex instead.

("C:\Users\Pierce\AppData\Local\Programs\MiKTeX 2.9\tex/generic/iftex\iftex.sty
"
Package: iftex 2020/03/06 v1.0d TeX engine tests
))
\headdp=\dimen102
\footheight=\dimen103
\sidebarheight=\dimen104
\beamer@tempdim=\dimen105
\beamer@finalheight=\dimen106
\beamer@animht=\dimen107
\beamer@animdp=\dimen108
\beamer@animwd=\dimen109
\beamer@leftmargin=\dimen110
\beamer@rightmargin=\dimen111
\beamer@leftsidebar=\dimen112
\beamer@rightsidebar=\dimen113
\beamer@boxsize=\dimen114
\beamer@vboxoffset=\dimen115
\beamer@descdefault=\dimen116
\beamer@descriptionwidth=\dimen117
\beamer@lastskip=\skip41
\beamer@areabox=\box30
\beamer@animcurrent=\box31
\beamer@animshowbox=\box32
\beamer@sectionbox=\box33
\beamer@logobox=\box34
\beamer@linebox=\box35
\beamer@sectioncount=\count86
\beamer@subsubsectionmax=\count87
\beamer@subsectionmax=\count88
\beamer@sectionmax=\count89
\beamer@totalheads=\count90
\beamer@headcounter=\count91
\beamer@partstartpage=\count92
\beamer@sectionstartpage=\count93
\beamer@subsectionstartpage=\count94
\beamer@animationtempa=\count95
\beamer@animationtempb=\count96
\beamer@xpos=\count97
\beamer@ypos=\count98
\beamer@ypos@offset=\count99
\beamer@showpartnumber=\count100
\beamer@currentsubsection=\count101
\beamer@coveringdepth=\count102
\beamer@sectionadjust=\count103
\beamer@tocsectionnumber=\count104

("C:\Users\Pierce\AppData\Local\Programs\MiKTeX 2.9\tex/latex/beamer\beamerbase
options.sty"
("C:\Users\Pierce\AppData\Local\Programs\MiKTeX 2.9\tex/latex/graphics\keyval.s
ty"
Package: keyval 2014/10/28 v1.15 key=value parser (DPC)
\KV@toks@=\toks14
))
\beamer@paperwidth=\skip42
\beamer@paperheight=\skip43

("C:\Users\Pierce\AppData\Local\Programs\MiKTeX 2.9\tex/latex/geometry\geometry
.sty"
Package: geometry 2018/04/16 v5.8 Page Geometry

("C:\Users\Pierce\AppData\Local\Programs\MiKTeX 2.9\tex/generic/iftex\ifvtex.st
y"
Package: ifvtex 2019/10/25 v1.7 ifvtex legacy package. Use iftex instead.
)
("C:\Users\Pierce\AppData\Local\Programs\MiKTeX 2.9\tex/generic/iftex\ifxetex.s
ty"
Package: ifxetex 2019/10/25 v0.7 ifxetex legacy package. Use iftex instead.
)
\Gm@cnth=\count105
\Gm@cntv=\count106
\c@Gm@tempcnt=\count107
\Gm@bindingoffset=\dimen118
\Gm@wd@mp=\dimen119
\Gm@odd@mp=\dimen120
\Gm@even@mp=\dimen121
\Gm@layoutwidth=\dimen122
\Gm@layoutheight=\dimen123
\Gm@layouthoffset=\dimen124
\Gm@layoutvoffset=\dimen125
\Gm@dimlist=\toks15

("C:\Users\Pierce\AppData\Local\Programs\MiKTeX 2.9\tex/latex/geometry\geometry
.cfg"))
("C:\Users\Pierce\AppData\Local\Programs\MiKTeX 2.9\tex/latex/base\size11.clo"
File: size11.clo 2018/09/03 v1.4i Standard LaTeX file (size option)
)
("C:\Users\Pierce\AppData\Local\Programs\MiKTeX 2.9\tex/latex/pgf/basiclayer\pg
fcore.sty"
("C:\Users\Pierce\AppData\Local\Programs\MiKTeX 2.9\tex/latex/graphics\graphicx
.sty"
Package: graphicx 2017/06/01 v1.1a Enhanced LaTeX Graphics (DPC,SPQR)

("C:\Users\Pierce\AppData\Local\Programs\MiKTeX 2.9\tex/latex/graphics\graphics
.sty"
Package: graphics 2017/06/25 v1.2c Standard LaTeX Graphics (DPC,SPQR)

("C:\Users\Pierce\AppData\Local\Programs\MiKTeX 2.9\tex/latex/graphics\trig.sty
"
Package: trig 2016/01/03 v1.10 sin cos tan (DPC)
)
("C:\Users\Pierce\AppData\Local\Programs\MiKTeX 2.9\tex/latex/graphics-cfg\grap
hics.cfg"
File: graphics.cfg 2016/06/04 v1.11 sample graphics configuration
)
Package graphics Info: Driver file: pdftex.def on input line 99.

("C:\Users\Pierce\AppData\Local\Programs\MiKTeX 2.9\tex/latex/graphics-def\pdft
ex.def"
File: pdftex.def 2018/01/08 v1.0l Graphics/color driver for pdftex
))
\Gin@req@height=\dimen126
\Gin@req@width=\dimen127
)
("C:\Users\Pierce\AppData\Local\Programs\MiKTeX 2.9\tex/latex/pgf/systemlayer\p
gfsys.sty"
("C:\Users\Pierce\AppData\Local\Programs\MiKTeX 2.9\tex/latex/pgf/utilities\pgf
rcs.sty"
("C:\Users\Pierce\AppData\Local\Programs\MiKTeX 2.9\tex/generic/pgf/utilities\p
gfutil-common.tex"
\pgfutil@everybye=\toks16
\pgfutil@tempdima=\dimen128
\pgfutil@tempdimb=\dimen129

("C:\Users\Pierce\AppData\Local\Programs\MiKTeX 2.9\tex/generic/pgf/utilities\p
gfutil-common-lists.tex"))
("C:\Users\Pierce\AppData\Local\Programs\MiKTeX 2.9\tex/generic/pgf/utilities\p
gfutil-latex.def"
\pgfutil@abb=\box36

("C:\Users\Pierce\AppData\Local\Programs\MiKTeX 2.9\tex/latex/ms\everyshi.sty"
Package: everyshi 2001/05/15 v3.00 EveryShipout Package (MS)
))
("C:\Users\Pierce\AppData\Local\Programs\MiKTeX 2.9\tex/generic/pgf/utilities\p
gfrcs.code.tex"
("C:\Users\Pierce\AppData\Local\Programs\MiKTeX 2.9\tex/generic/pgf\pgf.revisio
n.tex")
Package: pgfrcs 2020/01/08 v3.1.5b (3.1.5b)
))
("C:\Users\Pierce\AppData\Local\Programs\MiKTeX 2.9\tex/generic/pgf/systemlayer
\pgfsys.code.tex"
Package: pgfsys 2020/01/08 v3.1.5b (3.1.5b)

("C:\Users\Pierce\AppData\Local\Programs\MiKTeX 2.9\tex/generic/pgf/utilities\p
gfkeys.code.tex"
\pgfkeys@pathtoks=\toks17
\pgfkeys@temptoks=\toks18

("C:\Users\Pierce\AppData\Local\Programs\MiKTeX 2.9\tex/generic/pgf/utilities\p
gfkeysfiltered.code.tex"
\pgfkeys@tmptoks=\toks19
))
\pgf@x=\dimen130
\pgf@y=\dimen131
\pgf@xa=\dimen132
\pgf@ya=\dimen133
\pgf@xb=\dimen134
\pgf@yb=\dimen135
\pgf@xc=\dimen136
\pgf@yc=\dimen137
\pgf@xd=\dimen138
\pgf@yd=\dimen139
\w@pgf@writea=\write3
\r@pgf@reada=\read1
\c@pgf@counta=\count108
\c@pgf@countb=\count109
\c@pgf@countc=\count110
\c@pgf@countd=\count111
\t@pgf@toka=\toks20
\t@pgf@tokb=\toks21
\t@pgf@tokc=\toks22
\pgf@sys@id@count=\count112

("C:\Users\Pierce\AppData\Local\Programs\MiKTeX 2.9\tex/generic/pgf/systemlayer
\pgf.cfg"
File: pgf.cfg 2020/01/08 v3.1.5b (3.1.5b)
)
Driver file for pgf: pgfsys-pdftex.def

("C:\Users\Pierce\AppData\Local\Programs\MiKTeX 2.9\tex/generic/pgf/systemlayer
\pgfsys-pdftex.def"
File: pgfsys-pdftex.def 2020/01/08 v3.1.5b (3.1.5b)

("C:\Users\Pierce\AppData\Local\Programs\MiKTeX 2.9\tex/generic/pgf/systemlayer
\pgfsys-common-pdf.def"
File: pgfsys-common-pdf.def 2020/01/08 v3.1.5b (3.1.5b)
)))
("C:\Users\Pierce\AppData\Local\Programs\MiKTeX 2.9\tex/generic/pgf/systemlayer
\pgfsyssoftpath.code.tex"
File: pgfsyssoftpath.code.tex 2020/01/08 v3.1.5b (3.1.5b)
\pgfsyssoftpath@smallbuffer@items=\count113
\pgfsyssoftpath@bigbuffer@items=\count114
)
("C:\Users\Pierce\AppData\Local\Programs\MiKTeX 2.9\tex/generic/pgf/systemlayer
\pgfsysprotocol.code.tex"
File: pgfsysprotocol.code.tex 2020/01/08 v3.1.5b (3.1.5b)
))
("C:\Users\Pierce\AppData\Local\Programs\MiKTeX 2.9\tex/latex/xcolor\xcolor.sty
"
Package: xcolor 2016/05/11 v2.12 LaTeX color extensions (UK)

("C:\Users\Pierce\AppData\Local\Programs\MiKTeX 2.9\tex/latex/graphics-cfg\colo
r.cfg"
File: color.cfg 2016/01/02 v1.6 sample color configuration
)
Package xcolor Info: Driver file: pdftex.def on input line 225.
Package xcolor Info: Model `cmy' substituted by `cmy0' on input line 1348.
Package xcolor Info: Model `hsb' substituted by `rgb' on input line 1352.
Package xcolor Info: Model `RGB' extended on input line 1364.
Package xcolor Info: Model `HTML' substituted by `rgb' on input line 1366.
Package xcolor Info: Model `Hsb' substituted by `hsb' on input line 1367.
Package xcolor Info: Model `tHsb' substituted by `hsb' on input line 1368.
Package xcolor Info: Model `HSB' substituted by `hsb' on input line 1369.
Package xcolor Info: Model `Gray' substituted by `gray' on input line 1370.
Package xcolor Info: Model `wave' substituted by `hsb' on input line 1371.
)
("C:\Users\Pierce\AppData\Local\Programs\MiKTeX 2.9\tex/generic/pgf/basiclayer\
pgfcore.code.tex"
Package: pgfcore 2020/01/08 v3.1.5b (3.1.5b)

("C:\Users\Pierce\AppData\Local\Programs\MiKTeX 2.9\tex/generic/pgf/math\pgfmat
h.code.tex"
("C:\Users\Pierce\AppData\Local\Programs\MiKTeX 2.9\tex/generic/pgf/math\pgfmat
hcalc.code.tex"
("C:\Users\Pierce\AppData\Local\Programs\MiKTeX 2.9\tex/generic/pgf/math\pgfmat
hutil.code.tex")
("C:\Users\Pierce\AppData\Local\Programs\MiKTeX 2.9\tex/generic/pgf/math\pgfmat
hparser.code.tex"
\pgfmath@dimen=\dimen140
\pgfmath@count=\count115
\pgfmath@box=\box37
\pgfmath@toks=\toks23
\pgfmath@stack@operand=\toks24
\pgfmath@stack@operation=\toks25
)
("C:\Users\Pierce\AppData\Local\Programs\MiKTeX 2.9\tex/generic/pgf/math\pgfmat
hfunctions.code.tex"
("C:\Users\Pierce\AppData\Local\Programs\MiKTeX 2.9\tex/generic/pgf/math\pgfmat
hfunctions.basic.code.tex")
("C:\Users\Pierce\AppData\Local\Programs\MiKTeX 2.9\tex/generic/pgf/math\pgfmat
hfunctions.trigonometric.code.tex")
("C:\Users\Pierce\AppData\Local\Programs\MiKTeX 2.9\tex/generic/pgf/math\pgfmat
hfunctions.random.code.tex")
("C:\Users\Pierce\AppData\Local\Programs\MiKTeX 2.9\tex/generic/pgf/math\pgfmat
hfunctions.comparison.code.tex")
("C:\Users\Pierce\AppData\Local\Programs\MiKTeX 2.9\tex/generic/pgf/math\pgfmat
hfunctions.base.code.tex")
("C:\Users\Pierce\AppData\Local\Programs\MiKTeX 2.9\tex/generic/pgf/math\pgfmat
hfunctions.round.code.tex")
("C:\Users\Pierce\AppData\Local\Programs\MiKTeX 2.9\tex/generic/pgf/math\pgfmat
hfunctions.misc.code.tex")
("C:\Users\Pierce\AppData\Local\Programs\MiKTeX 2.9\tex/generic/pgf/math\pgfmat
hfunctions.integerarithmetics.code.tex")))
("C:\Users\Pierce\AppData\Local\Programs\MiKTeX 2.9\tex/generic/pgf/math\pgfmat
hfloat.code.tex"
\c@pgfmathroundto@lastzeros=\count116
))
("C:\Users\Pierce\AppData\Local\Programs\MiKTeX 2.9\tex/generic/pgf/math\pgfint
.code.tex")
("C:\Users\Pierce\AppData\Local\Programs\MiKTeX 2.9\tex/generic/pgf/basiclayer\
pgfcorepoints.code.tex"
File: pgfcorepoints.code.tex 2020/01/08 v3.1.5b (3.1.5b)
\pgf@picminx=\dimen141
\pgf@picmaxx=\dimen142
\pgf@picminy=\dimen143
\pgf@picmaxy=\dimen144
\pgf@pathminx=\dimen145
\pgf@pathmaxx=\dimen146
\pgf@pathminy=\dimen147
\pgf@pathmaxy=\dimen148
\pgf@xx=\dimen149
\pgf@xy=\dimen150
\pgf@yx=\dimen151
\pgf@yy=\dimen152
\pgf@zx=\dimen153
\pgf@zy=\dimen154
)
("C:\Users\Pierce\AppData\Local\Programs\MiKTeX 2.9\tex/generic/pgf/basiclayer\
pgfcorepathconstruct.code.tex"
File: pgfcorepathconstruct.code.tex 2020/01/08 v3.1.5b (3.1.5b)
\pgf@path@lastx=\dimen155
\pgf@path@lasty=\dimen156
)
("C:\Users\Pierce\AppData\Local\Programs\MiKTeX 2.9\tex/generic/pgf/basiclayer\
pgfcorepathusage.code.tex"
File: pgfcorepathusage.code.tex 2020/01/08 v3.1.5b (3.1.5b)
\pgf@shorten@end@additional=\dimen157
\pgf@shorten@start@additional=\dimen158
)
("C:\Users\Pierce\AppData\Local\Programs\MiKTeX 2.9\tex/generic/pgf/basiclayer\
pgfcorescopes.code.tex"
File: pgfcorescopes.code.tex 2020/01/08 v3.1.5b (3.1.5b)
\pgfpic=\box38
\pgf@hbox=\box39
\pgf@layerbox@main=\box40
\pgf@picture@serial@count=\count117
)
("C:\Users\Pierce\AppData\Local\Programs\MiKTeX 2.9\tex/generic/pgf/basiclayer\
pgfcoregraphicstate.code.tex"
File: pgfcoregraphicstate.code.tex 2020/01/08 v3.1.5b (3.1.5b)
\pgflinewidth=\dimen159
)
("C:\Users\Pierce\AppData\Local\Programs\MiKTeX 2.9\tex/generic/pgf/basiclayer\
pgfcoretransformations.code.tex"
File: pgfcoretransformations.code.tex 2020/01/08 v3.1.5b (3.1.5b)
\pgf@pt@x=\dimen160
\pgf@pt@y=\dimen161
\pgf@pt@temp=\dimen162
)
("C:\Users\Pierce\AppData\Local\Programs\MiKTeX 2.9\tex/generic/pgf/basiclayer\
pgfcorequick.code.tex"
File: pgfcorequick.code.tex 2020/01/08 v3.1.5b (3.1.5b)
)
("C:\Users\Pierce\AppData\Local\Programs\MiKTeX 2.9\tex/generic/pgf/basiclayer\
pgfcoreobjects.code.tex"
File: pgfcoreobjects.code.tex 2020/01/08 v3.1.5b (3.1.5b)
)
("C:\Users\Pierce\AppData\Local\Programs\MiKTeX 2.9\tex/generic/pgf/basiclayer\
pgfcorepathprocessing.code.tex"
File: pgfcorepathprocessing.code.tex 2020/01/08 v3.1.5b (3.1.5b)
)
("C:\Users\Pierce\AppData\Local\Programs\MiKTeX 2.9\tex/generic/pgf/basiclayer\
pgfcorearrows.code.tex"
File: pgfcorearrows.code.tex 2020/01/08 v3.1.5b (3.1.5b)
\pgfarrowsep=\dimen163
)
("C:\Users\Pierce\AppData\Local\Programs\MiKTeX 2.9\tex/generic/pgf/basiclayer\
pgfcoreshade.code.tex"
File: pgfcoreshade.code.tex 2020/01/08 v3.1.5b (3.1.5b)
\pgf@max=\dimen164
\pgf@sys@shading@range@num=\count118
\pgf@shadingcount=\count119
)
("C:\Users\Pierce\AppData\Local\Programs\MiKTeX 2.9\tex/generic/pgf/basiclayer\
pgfcoreimage.code.tex"
File: pgfcoreimage.code.tex 2020/01/08 v3.1.5b (3.1.5b)

("C:\Users\Pierce\AppData\Local\Programs\MiKTeX 2.9\tex/generic/pgf/basiclayer\
pgfcoreexternal.code.tex"
File: pgfcoreexternal.code.tex 2020/01/08 v3.1.5b (3.1.5b)
\pgfexternal@startupbox=\box41
))
("C:\Users\Pierce\AppData\Local\Programs\MiKTeX 2.9\tex/generic/pgf/basiclayer\
pgfcorelayers.code.tex"
File: pgfcorelayers.code.tex 2020/01/08 v3.1.5b (3.1.5b)
)
("C:\Users\Pierce\AppData\Local\Programs\MiKTeX 2.9\tex/generic/pgf/basiclayer\
pgfcoretransparency.code.tex"
File: pgfcoretransparency.code.tex 2020/01/08 v3.1.5b (3.1.5b)
)
("C:\Users\Pierce\AppData\Local\Programs\MiKTeX 2.9\tex/generic/pgf/basiclayer\
pgfcorepatterns.code.tex"
File: pgfcorepatterns.code.tex 2020/01/08 v3.1.5b (3.1.5b)
)
("C:\Users\Pierce\AppData\Local\Programs\MiKTeX 2.9\tex/generic/pgf/basiclayer\
pgfcorerdf.code.tex"
File: pgfcorerdf.code.tex 2020/01/08 v3.1.5b (3.1.5b)
)))
("C:\Users\Pierce\AppData\Local\Programs\MiKTeX 2.9\tex/latex/pgf/utilities\xxc
olor.sty"
Package: xxcolor 2003/10/24 ver 0.1
\XC@nummixins=\count120
\XC@countmixins=\count121
)
("C:\Users\Pierce\AppData\Local\Programs\MiKTeX 2.9\tex/generic/oberdiek\atbegs
hi.sty"
Package: atbegshi 2016/06/09 v1.18 At begin shipout hook (HO)

("C:\Users\Pierce\AppData\Local\Programs\MiKTeX 2.9\tex/generic/oberdiek\infwar
err.sty"
Package: infwarerr 2016/05/16 v1.4 Providing info/warning/error messages (HO)
)
("C:\Users\Pierce\AppData\Local\Programs\MiKTeX 2.9\tex/generic/oberdiek\ltxcmd
s.sty"
Package: ltxcmds 2016/05/16 v1.23 LaTeX kernel commands for general use (HO)
))
("C:\Users\Pierce\AppData\Local\Programs\MiKTeX 2.9\tex/latex/hyperref\hyperref
.sty"
Package: hyperref 2018/11/30 v6.88e Hypertext links for LaTeX

("C:\Users\Pierce\AppData\Local\Programs\MiKTeX 2.9\tex/latex/hobsub\hobsub-hyp
erref.sty"
Package: hobsub-hyperref 2019-11-14
hobsub not currently supported, see hobsub.dtx to extract original code

("C:\Users\Pierce\AppData\Local\Programs\MiKTeX 2.9\tex/latex/pdftexcmds\pdftex
cmds.sty"
Package: pdftexcmds 2019/11/24 v0.31 Utility functions of pdfTeX for LuaTeX (HO
)
Package pdftexcmds Info: \pdf@primitive is available.
Package pdftexcmds Info: \pdf@ifprimitive is available.
Package pdftexcmds Info: \pdfdraftmode found.
)
("C:\Users\Pierce\AppData\Local\Programs\MiKTeX 2.9\tex/generic/oberdiek\kvsetk
eys.sty"
Package: kvsetkeys 2016/05/16 v1.17 Key value parser (HO)

("C:\Users\Pierce\AppData\Local\Programs\MiKTeX 2.9\tex/generic/oberdiek\etexcm
ds.sty"
Package: etexcmds 2016/05/16 v1.6 Avoid name clashes with e-TeX commands (HO)

("C:\Users\Pierce\AppData\Local\Programs\MiKTeX 2.9\tex/generic/iftex\ifluatex.
sty"
Package: ifluatex 2019/10/25 v1.5 ifluatex legacy package. Use iftex instead.
)))
("C:\Users\Pierce\AppData\Local\Programs\MiKTeX 2.9\tex/generic/oberdiek\kvdefi
nekeys.sty"
Package: kvdefinekeys 2016/05/16 v1.4 Define keys (HO)
)
("C:\Users\Pierce\AppData\Local\Programs\MiKTeX 2.9\tex/generic/oberdiek\pdfesc
ape.sty"
Package: pdfescape 2016/05/16 v1.14 Implements pdfTeX's escape features (HO)
)
("C:\Users\Pierce\AppData\Local\Programs\MiKTeX 2.9\tex/latex/oberdiek\hycolor.
sty"
Package: hycolor 2016/05/16 v1.8 Color options for hyperref/bookmark (HO)

("C:\Users\Pierce\AppData\Local\Programs\MiKTeX 2.9\tex/latex/oberdiek\xcolor-p
atch.sty"
Package: xcolor-patch 2016/05/16 xcolor patch

("C:\Users\Pierce\AppData\Local\Programs\MiKTeX 2.9\tex/latex/oberdiek\hopatch.
sty"
Package: hopatch 2016/05/16 v1.3 Wrapper for package hooks (HO)
)))
("C:\Users\Pierce\AppData\Local\Programs\MiKTeX 2.9\tex/latex/oberdiek\letltxma
cro.sty"
Package: letltxmacro 2016/05/16 v1.5 Let assignment for LaTeX macros (HO)
))
("C:\Users\Pierce\AppData\Local\Programs\MiKTeX 2.9\tex/latex/oberdiek\auxhook.
sty"
Package: auxhook 2016/05/16 v1.4 Hooks for auxiliary files (HO)
)
("C:\Users\Pierce\AppData\Local\Programs\MiKTeX 2.9\tex/latex/oberdiek\kvoption
s.sty"
Package: kvoptions 2016/05/16 v3.12 Key value format for package options (HO)
)
\@linkdim=\dimen165
\Hy@linkcounter=\count122
\Hy@pagecounter=\count123

("C:\Users\Pierce\AppData\Local\Programs\MiKTeX 2.9\tex/latex/hyperref\pd1enc.d
ef"
File: pd1enc.def 2018/11/30 v6.88e Hyperref: PDFDocEncoding definition (HO)
Now handling font encoding PD1 ...
... no UTF-8 mapping file for font encoding PD1
)
("C:\Users\Pierce\AppData\Local\Programs\MiKTeX 2.9\tex/generic/oberdiek\intcal
c.sty"
Package: intcalc 2016/05/16 v1.2 Expandable calculations with integers (HO)
)
\Hy@SavedSpaceFactor=\count124

("C:\Users\Pierce\AppData\Local\Programs\MiKTeX 2.9\tex/latex/00miktex\hyperref
.cfg"
File: hyperref.cfg 2002/06/06 v1.2 hyperref configuration of TeXLive
)
Package hyperref Info: Option `bookmarks' set `true' on input line 4393.
Package hyperref Info: Option `bookmarksopen' set `true' on input line 4393.
Package hyperref Info: Option `implicit' set `false' on input line 4393.
Package hyperref Info: Hyper figures OFF on input line 4519.
Package hyperref Info: Link nesting OFF on input line 4524.
Package hyperref Info: Hyper index ON on input line 4527.
Package hyperref Info: Plain pages OFF on input line 4534.
Package hyperref Info: Backreferencing OFF on input line 4539.
Package hyperref Info: Implicit mode OFF; no redefinition of LaTeX internals.
Package hyperref Info: Bookmarks ON on input line 4772.
\c@Hy@tempcnt=\count125
 ("C:\Users\Pierce\AppData\Local\Programs\MiKTeX 2.9\tex/latex/url\url.sty"
\Urlmuskip=\muskip10
Package: url 2013/09/16  ver 3.4  Verb mode for urls, etc.
)
LaTeX Info: Redefining \url on input line 5125.
\XeTeXLinkMargin=\dimen166

("C:\Users\Pierce\AppData\Local\Programs\MiKTeX 2.9\tex/generic/oberdiek\bitset
.sty"
Package: bitset 2016/05/16 v1.2 Handle bit-vector datatype (HO)

("C:\Users\Pierce\AppData\Local\Programs\MiKTeX 2.9\tex/generic/oberdiek\bigint
calc.sty"
Package: bigintcalc 2016/05/16 v1.4 Expandable calculations on big integers (HO
)
))
\Fld@menulength=\count126
\Field@Width=\dimen167
\Fld@charsize=\dimen168
Package hyperref Info: Hyper figures OFF on input line 6380.
Package hyperref Info: Link nesting OFF on input line 6385.
Package hyperref Info: Hyper index ON on input line 6388.
Package hyperref Info: backreferencing OFF on input line 6395.
Package hyperref Info: Link coloring OFF on input line 6400.
Package hyperref Info: Link coloring with OCG OFF on input line 6405.
Package hyperref Info: PDF/A mode OFF on input line 6410.
LaTeX Info: Redefining \ref on input line 6450.
LaTeX Info: Redefining \pageref on input line 6454.
\Hy@abspage=\count127


Package hyperref Message: Stopped early.

)
Package hyperref Info: Driver (autodetected): hpdftex.

("C:\Users\Pierce\AppData\Local\Programs\MiKTeX 2.9\tex/latex/hyperref\hpdftex.
def"
File: hpdftex.def 2018/11/30 v6.88e Hyperref driver for pdfTeX

("C:\Users\Pierce\AppData\Local\Programs\MiKTeX 2.9\tex/latex/oberdiek\atveryen
d.sty"
Package: atveryend 2016/05/16 v1.9 Hooks at the very end of document (HO)
)
\Fld@listcount=\count128
\c@bookmark@seq@number=\count129

("C:\Users\Pierce\AppData\Local\Programs\MiKTeX 2.9\tex/latex/oberdiek\rerunfil
echeck.sty"
Package: rerunfilecheck 2016/05/16 v1.8 Rerun checks for auxiliary files (HO)

("C:\Users\Pierce\AppData\Local\Programs\MiKTeX 2.9\tex/generic/oberdiek\unique
counter.sty"
Package: uniquecounter 2016/05/16 v1.3 Provide unlimited unique counter (HO)
)
Package uniquecounter Info: New unique counter `rerunfilecheck' on input line 2
82.
))
("C:\Users\Pierce\AppData\Local\Programs\MiKTeX 2.9\tex/latex/beamer\beamerbase
requires.sty"
("C:\Users\Pierce\AppData\Local\Programs\MiKTeX 2.9\tex/latex/beamer\beamerbase
compatibility.sty")
("C:\Users\Pierce\AppData\Local\Programs\MiKTeX 2.9\tex/latex/beamer\beamerbase
font.sty"
("C:\Users\Pierce\AppData\Local\Programs\MiKTeX 2.9\tex/latex/amsfonts\amssymb.
sty"
Package: amssymb 2013/01/14 v3.01 AMS font symbols

("C:\Users\Pierce\AppData\Local\Programs\MiKTeX 2.9\tex/latex/amsfonts\amsfonts
.sty"
Package: amsfonts 2013/01/14 v3.01 Basic AMSFonts support
\@emptytoks=\toks26
\symAMSa=\mathgroup4
\symAMSb=\mathgroup5
LaTeX Font Info:    Overwriting math alphabet `\mathfrak' in version `bold'
(Font)                  U/euf/m/n --> U/euf/b/n on input line 106.
))
("C:\Users\Pierce\AppData\Local\Programs\MiKTeX 2.9\tex/latex/sansmathaccent\sa
nsmathaccent.sty"
Package: sansmathaccent 2020/01/31

("C:\Users\Pierce\AppData\Local\Programs\MiKTeX 2.9\tex/latex/koma-script\scrlf
ile.sty"
Package: scrlfile 2020/04/19 v3.30 KOMA-Script package (loading files)
)))
("C:\Users\Pierce\AppData\Local\Programs\MiKTeX 2.9\tex/latex/beamer\beamerbase
translator.sty"
("C:\Users\Pierce\AppData\Local\Programs\MiKTeX 2.9\tex/latex/translator\transl
ator.sty"
Package: translator 2019-05-31 v1.12a Easy translation of strings in LaTeX
))
("C:\Users\Pierce\AppData\Local\Programs\MiKTeX 2.9\tex/latex/beamer\beamerbase
misc.sty")
("C:\Users\Pierce\AppData\Local\Programs\MiKTeX 2.9\tex/latex/beamer\beamerbase
twoscreens.sty")
("C:\Users\Pierce\AppData\Local\Programs\MiKTeX 2.9\tex/latex/beamer\beamerbase
overlay.sty"
\beamer@argscount=\count130
\beamer@lastskipcover=\skip44
\beamer@trivlistdepth=\count131
)
("C:\Users\Pierce\AppData\Local\Programs\MiKTeX 2.9\tex/latex/beamer\beamerbase
title.sty")
("C:\Users\Pierce\AppData\Local\Programs\MiKTeX 2.9\tex/latex/beamer\beamerbase
section.sty"
\c@lecture=\count132
\c@part=\count133
\c@section=\count134
\c@subsection=\count135
\c@subsubsection=\count136
)
("C:\Users\Pierce\AppData\Local\Programs\MiKTeX 2.9\tex/latex/beamer\beamerbase
frame.sty"
\beamer@framebox=\box42
\beamer@frametitlebox=\box43
\beamer@zoombox=\box44
\beamer@zoomcount=\count137
\beamer@zoomframecount=\count138
\beamer@frametextheight=\dimen169
\c@subsectionslide=\count139
\beamer@frametopskip=\skip45
\beamer@framebottomskip=\skip46
\beamer@frametopskipautobreak=\skip47
\beamer@framebottomskipautobreak=\skip48
\beamer@envbody=\toks27
\framewidth=\dimen170
\c@framenumber=\count140
)
("C:\Users\Pierce\AppData\Local\Programs\MiKTeX 2.9\tex/latex/beamer\beamerbase
verbatim.sty"
\beamer@verbatimfileout=\write4
)
("C:\Users\Pierce\AppData\Local\Programs\MiKTeX 2.9\tex/latex/beamer\beamerbase
framesize.sty"
\beamer@splitbox=\box45
\beamer@autobreakcount=\count141
\beamer@autobreaklastheight=\dimen171
\beamer@frametitletoks=\toks28
\beamer@framesubtitletoks=\toks29
)
("C:\Users\Pierce\AppData\Local\Programs\MiKTeX 2.9\tex/latex/beamer\beamerbase
framecomponents.sty"
\beamer@footins=\box46
)
("C:\Users\Pierce\AppData\Local\Programs\MiKTeX 2.9\tex/latex/beamer\beamerbase
color.sty")
("C:\Users\Pierce\AppData\Local\Programs\MiKTeX 2.9\tex/latex/beamer\beamerbase
notes.sty"
\beamer@frameboxcopy=\box47
)
("C:\Users\Pierce\AppData\Local\Programs\MiKTeX 2.9\tex/latex/beamer\beamerbase
toc.sty")
("C:\Users\Pierce\AppData\Local\Programs\MiKTeX 2.9\tex/latex/beamer\beamerbase
templates.sty"
\beamer@sbttoks=\toks30

("C:\Users\Pierce\AppData\Local\Programs\MiKTeX 2.9\tex/latex/beamer\beamerbase
auxtemplates.sty"
("C:\Users\Pierce\AppData\Local\Programs\MiKTeX 2.9\tex/latex/beamer\beamerbase
boxes.sty"
\bmb@box=\box48
\bmb@colorbox=\box49
\bmb@boxshadow=\box50
\bmb@boxshadowball=\box51
\bmb@boxshadowballlarge=\box52
\bmb@temp=\dimen172
\bmb@dima=\dimen173
\bmb@dimb=\dimen174
\bmb@prevheight=\dimen175
)
\beamer@blockheadheight=\dimen176
))
("C:\Users\Pierce\AppData\Local\Programs\MiKTeX 2.9\tex/latex/beamer\beamerbase
localstructure.sty"
("C:\Users\Pierce\AppData\Local\Programs\MiKTeX 2.9\tex/latex/tools\enumerate.s
ty"
Package: enumerate 2015/07/23 v3.00 enumerate extensions (DPC)
\@enLab=\toks31
)
\c@figure=\count142
\c@table=\count143
\abovecaptionskip=\skip49
\belowcaptionskip=\skip50
)
("C:\Users\Pierce\AppData\Local\Programs\MiKTeX 2.9\tex/latex/beamer\beamerbase
navigation.sty"
\beamer@section@min@dim=\dimen177
)
("C:\Users\Pierce\AppData\Local\Programs\MiKTeX 2.9\tex/latex/beamer\beamerbase
theorems.sty"
("C:\Users\Pierce\AppData\Local\Programs\MiKTeX 2.9\tex/latex/amsmath\amsmath.s
ty"
Package: amsmath 2018/12/01 v2.17b AMS math features
\@mathmargin=\skip51

For additional information on amsmath, use the `?' option.

("C:\Users\Pierce\AppData\Local\Programs\MiKTeX 2.9\tex/latex/amsmath\amstext.s
ty"
Package: amstext 2000/06/29 v2.01 AMS text

("C:\Users\Pierce\AppData\Local\Programs\MiKTeX 2.9\tex/latex/amsmath\amsgen.st
y"
File: amsgen.sty 1999/11/30 v2.0 generic functions
\@emptytoks=\toks32
\ex@=\dimen178
))
("C:\Users\Pierce\AppData\Local\Programs\MiKTeX 2.9\tex/latex/amsmath\amsbsy.st
y"
Package: amsbsy 1999/11/29 v1.2d Bold Symbols
\pmbraise@=\dimen179
)
("C:\Users\Pierce\AppData\Local\Programs\MiKTeX 2.9\tex/latex/amsmath\amsopn.st
y"
Package: amsopn 2016/03/08 v2.02 operator names
)
\inf@bad=\count144
LaTeX Info: Redefining \frac on input line 223.
\uproot@=\count145
\leftroot@=\count146
LaTeX Info: Redefining \overline on input line 385.
\classnum@=\count147
\DOTSCASE@=\count148
LaTeX Info: Redefining \ldots on input line 482.
LaTeX Info: Redefining \dots on input line 485.
LaTeX Info: Redefining \cdots on input line 606.
\Mathstrutbox@=\box53
\strutbox@=\box54
\big@size=\dimen180
LaTeX Font Info:    Redeclaring font encoding OML on input line 729.
LaTeX Font Info:    Redeclaring font encoding OMS on input line 730.
\macc@depth=\count149
\c@MaxMatrixCols=\count150
\dotsspace@=\muskip11
\c@parentequation=\count151
\dspbrk@lvl=\count152
\tag@help=\toks33
\row@=\count153
\column@=\count154
\maxfields@=\count155
\andhelp@=\toks34
\eqnshift@=\dimen181
\alignsep@=\dimen182
\tagshift@=\dimen183
\tagwidth@=\dimen184
\totwidth@=\dimen185
\lineht@=\dimen186
\@envbody=\toks35
\multlinegap=\skip52
\multlinetaggap=\skip53
\mathdisplay@stack=\toks36
LaTeX Info: Redefining \[ on input line 2844.
LaTeX Info: Redefining \] on input line 2845.
)
("C:\Users\Pierce\AppData\Local\Programs\MiKTeX 2.9\tex/latex/amscls\amsthm.sty
"
Package: amsthm 2020/05/29 v2.20.6
\thm@style=\toks37
\thm@bodyfont=\toks38
\thm@headfont=\toks39
\thm@notefont=\toks40
\thm@headpunct=\toks41
\thm@preskip=\skip54
\thm@postskip=\skip55
\thm@headsep=\skip56
\dth@everypar=\toks42
)
\c@theorem=\count156
)
("C:\Users\Pierce\AppData\Local\Programs\MiKTeX 2.9\tex/latex/beamer\beamerbase
themes.sty"))
("C:\Users\Pierce\AppData\Local\Programs\MiKTeX 2.9\tex/latex/beamer\beamerthem
edefault.sty"
("C:\Users\Pierce\AppData\Local\Programs\MiKTeX 2.9\tex/latex/beamer\beamerfont
themedefault.sty")
("C:\Users\Pierce\AppData\Local\Programs\MiKTeX 2.9\tex/latex/beamer\beamercolo
rthemedefault.sty")
("C:\Users\Pierce\AppData\Local\Programs\MiKTeX 2.9\tex/latex/beamer\beamerinne
rthemedefault.sty"
\beamer@dima=\dimen187
\beamer@dimb=\dimen188
)
("C:\Users\Pierce\AppData\Local\Programs\MiKTeX 2.9\tex/latex/beamer\beameroute
rthemedefault.sty")))
("C:\Users\Pierce\AppData\Local\Programs\MiKTeX 2.9\tex/latex/mathtools\mathtoo
ls.sty"
Package: mathtools 2020/03/24 v1.24 mathematical typesetting tools

("C:\Users\Pierce\AppData\Local\Programs\MiKTeX 2.9\tex/latex/tools\calc.sty"
Package: calc 2017/05/25 v4.3 Infix arithmetic (KKT,FJ)
\calc@Acount=\count157
\calc@Bcount=\count158
\calc@Adimen=\dimen189
\calc@Bdimen=\dimen190
\calc@Askip=\skip57
\calc@Bskip=\skip58
LaTeX Info: Redefining \setlength on input line 80.
LaTeX Info: Redefining \addtolength on input line 81.
\calc@Ccount=\count159
\calc@Cskip=\skip59
)
("C:\Users\Pierce\AppData\Local\Programs\MiKTeX 2.9\tex/latex/mathtools\mhsetup
.sty"
Package: mhsetup 2017/03/31 v1.3 programming setup (MH)
)
LaTeX Info: Thecontrolsequence`\('isalreadyrobust on input line 130.
LaTeX Info: Thecontrolsequence`\)'isalreadyrobust on input line 130.
LaTeX Info: Thecontrolsequence`\['isalreadyrobust on input line 130.
LaTeX Info: Thecontrolsequence`\]'isalreadyrobust on input line 130.
\g_MT_multlinerow_int=\count160
\l_MT_multwidth_dim=\dimen191
\origjot=\skip60
\l_MT_shortvdotswithinadjustabove_dim=\dimen192
\l_MT_shortvdotswithinadjustbelow_dim=\dimen193
\l_MT_above_intertext_sep=\dimen194
\l_MT_below_intertext_sep=\dimen195
\l_MT_above_shortintertext_sep=\dimen196
\l_MT_below_shortintertext_sep=\dimen197
\xmathstrut@box=\box55
\xmathstrut@dim=\dimen198
) (presentation.aux)
\openout1 = `presentation.aux'.

LaTeX Font Info:    Checking defaults for OML/cmm/m/it on input line 4.
LaTeX Font Info:    ... okay on input line 4.
LaTeX Font Info:    Checking defaults for T1/cmr/m/n on input line 4.
LaTeX Font Info:    ... okay on input line 4.
LaTeX Font Info:    Checking defaults for OT1/cmr/m/n on input line 4.
LaTeX Font Info:    ... okay on input line 4.
LaTeX Font Info:    Checking defaults for OMS/cmsy/m/n on input line 4.
LaTeX Font Info:    ... okay on input line 4.
LaTeX Font Info:    Checking defaults for OMX/cmex/m/n on input line 4.
LaTeX Font Info:    ... okay on input line 4.
LaTeX Font Info:    Checking defaults for U/cmr/m/n on input line 4.
LaTeX Font Info:    ... okay on input line 4.
LaTeX Font Info:    Checking defaults for PD1/pdf/m/n on input line 4.
LaTeX Font Info:    ... okay on input line 4.

*geometry* driver: auto-detecting
*geometry* detected driver: pdftex
*geometry* verbose mode - [ preamble ] result:
* driver: pdftex
* paper: custom
* layout: <same size as paper>
* layoutoffset:(h,v)=(0.0pt,0.0pt)
* modes: includehead includefoot 
* h-part:(L,W,R)=(28.45274pt, 398.3386pt, 28.45274pt)
* v-part:(T,H,B)=(0.0pt, 256.0748pt, 0.0pt)
* \paperwidth=455.24408pt
* \paperheight=256.0748pt
* \textwidth=398.3386pt
* \textheight=227.62207pt
* \oddsidemargin=-43.81725pt
* \evensidemargin=-43.81725pt
* \topmargin=-72.26999pt
* \headheight=14.22636pt
* \headsep=0.0pt
* \topskip=11.0pt
* \footskip=14.22636pt
* \marginparwidth=4.0pt
* \marginparsep=10.0pt
* \columnsep=10.0pt
* \skip\footins=10.0pt plus 4.0pt minus 2.0pt
* \hoffset=0.0pt
* \voffset=0.0pt
* \mag=1000
* \@twocolumnfalse
* \@twosidefalse
* \@mparswitchfalse
* \@reversemarginfalse
* (1in=72.27pt=25.4mm, 1cm=28.453pt)


("C:\Users\Pierce\AppData\Local\Programs\MiKTeX 2.9\tex/context/base/mkii\supp-
pdf.mkii"
[Loading MPS to PDF converter (version 2006.09.02).]
\scratchcounter=\count161
\scratchdimen=\dimen199
\scratchbox=\box56
\nofMPsegments=\count162
\nofMParguments=\count163
\everyMPshowfont=\toks43
\MPscratchCnt=\count164
\MPscratchDim=\dimen256
\MPnumerator=\count165
\makeMPintoPDFobject=\count166
\everyMPtoPDFconversion=\toks44
)
("C:\Users\Pierce\AppData\Local\Programs\MiKTeX 2.9\tex/latex/oberdiek\epstopdf
-base.sty"
Package: epstopdf-base 2016/05/15 v2.6 Base part for package epstopdf

("C:\Users\Pierce\AppData\Local\Programs\MiKTeX 2.9\tex/latex/oberdiek\grfext.s
ty"
Package: grfext 2016/05/16 v1.2 Manage graphics extensions (HO)
)
Package epstopdf-base Info: Redefining graphics rule for `.eps' on input line 4
38.
Package grfext Info: Graphics extension search list:
(grfext)             [.pdf,.png,.jpg,.mps,.jpeg,.jbig2,.jb2,.PDF,.PNG,.JPG,.JPE
G,.JBIG2,.JB2,.eps]
(grfext)             \AppendGraphicsExtensions on input line 456.
) ABD: EveryShipout initializing macros
\AtBeginShipoutBox=\box57
Package hyperref Info: Link coloring OFF on input line 4.

("C:\Users\Pierce\AppData\Local\Programs\MiKTeX 2.9\tex/latex/hyperref\nameref.
sty"
Package: nameref 2016/05/21 v2.44 Cross-referencing by name of section

("C:\Users\Pierce\AppData\Local\Programs\MiKTeX 2.9\tex/latex/oberdiek\refcount
.sty"
Package: refcount 2016/05/16 v3.5 Data extraction from label references (HO)
)
("C:\Users\Pierce\AppData\Local\Programs\MiKTeX 2.9\tex/generic/oberdiek\gettit
lestring.sty"
Package: gettitlestring 2016/05/16 v1.5 Cleanup title references (HO)
)
\c@section@level=\count167
)
LaTeX Info: Redefining \ref on input line 4.
LaTeX Info: Redefining \pageref on input line 4.
LaTeX Info: Redefining \nameref on input line 4.
 (presentation.out) (presentation.out)
\@outlinefile=\write5
\openout5 = `presentation.out'.

LaTeX Font Info:    Overwriting symbol font `operators' in version `normal'
(Font)                  OT1/cmr/m/n --> OT1/cmss/m/n on input line 4.
LaTeX Font Info:    Overwriting symbol font `operators' in version `bold'
(Font)                  OT1/cmr/bx/n --> OT1/cmss/bx/n on input line 4.
\symnumbers=\mathgroup6
\sympureletters=\mathgroup7
LaTeX Font Info:    Overwriting math alphabet `\mathrm' in version `normal'
(Font)                  OT1/cmss/m/n --> OT1/cmr/m/n on input line 4.
LaTeX Font Info:    Redeclaring math alphabet \mathbf on input line 4.
LaTeX Font Info:    Overwriting math alphabet `\mathbf' in version `normal'
(Font)                  OT1/cmr/bx/n --> OT1/cmss/bx/n on input line 4.
LaTeX Font Info:    Overwriting math alphabet `\mathbf' in version `bold'
(Font)                  OT1/cmr/bx/n --> OT1/cmss/bx/n on input line 4.
LaTeX Font Info:    Redeclaring math alphabet \mathsf on input line 4.
LaTeX Font Info:    Overwriting math alphabet `\mathsf' in version `normal'
(Font)                  OT1/cmss/m/n --> OT1/cmss/m/n on input line 4.
LaTeX Font Info:    Overwriting math alphabet `\mathsf' in version `bold'
(Font)                  OT1/cmss/bx/n --> OT1/cmss/m/n on input line 4.
LaTeX Font Info:    Redeclaring math alphabet \mathit on input line 4.
LaTeX Font Info:    Overwriting math alphabet `\mathit' in version `normal'
(Font)                  OT1/cmr/m/it --> OT1/cmss/m/it on input line 4.
LaTeX Font Info:    Overwriting math alphabet `\mathit' in version `bold'
(Font)                  OT1/cmr/bx/it --> OT1/cmss/m/it on input line 4.
LaTeX Font Info:    Redeclaring math alphabet \mathtt on input line 4.
LaTeX Font Info:    Overwriting math alphabet `\mathtt' in version `normal'
(Font)                  OT1/cmtt/m/n --> OT1/cmtt/m/n on input line 4.
LaTeX Font Info:    Overwriting math alphabet `\mathtt' in version `bold'
(Font)                  OT1/cmtt/m/n --> OT1/cmtt/m/n on input line 4.
LaTeX Font Info:    Overwriting symbol font `numbers' in version `bold'
(Font)                  OT1/cmss/m/n --> OT1/cmss/bx/n on input line 4.
LaTeX Font Info:    Overwriting symbol font `pureletters' in version `bold'
(Font)                  OT1/cmss/m/it --> OT1/cmss/bx/it on input line 4.
LaTeX Font Info:    Overwriting math alphabet `\mathrm' in version `bold'
(Font)                  OT1/cmss/bx/n --> OT1/cmr/bx/n on input line 4.
LaTeX Font Info:    Overwriting math alphabet `\mathbf' in version `bold'
(Font)                  OT1/cmss/bx/n --> OT1/cmss/bx/n on input line 4.
LaTeX Font Info:    Overwriting math alphabet `\mathsf' in version `bold'
(Font)                  OT1/cmss/m/n --> OT1/cmss/bx/n on input line 4.
LaTeX Font Info:    Overwriting math alphabet `\mathit' in version `bold'
(Font)                  OT1/cmss/m/it --> OT1/cmss/bx/it on input line 4.
LaTeX Font Info:    Overwriting math alphabet `\mathtt' in version `bold'
(Font)                  OT1/cmtt/m/n --> OT1/cmtt/bx/n on input line 4.
LaTeX Font Info:    Redeclaring symbol font `pureletters' on input line 4.
LaTeX Font Info:    Overwriting symbol font `pureletters' in version `normal'
(Font)                  OT1/cmss/m/it --> OT1/mathkerncmss/m/sl on input line 4
.
LaTeX Font Info:    Overwriting symbol font `pureletters' in version `bold'
(Font)                  OT1/cmss/bx/it --> OT1/mathkerncmss/m/sl on input line 
4.
LaTeX Font Info:    Overwriting symbol font `pureletters' in version `bold'
(Font)                  OT1/mathkerncmss/m/sl --> OT1/mathkerncmss/bx/sl on inp
ut line 4.

("C:\Users\Pierce\AppData\Local\Programs\MiKTeX 2.9\tex/latex/translator\transl
ator-basic-dictionary-English.dict"
Dictionary: translator-basic-dictionary, Language: English 
)
("C:\Users\Pierce\AppData\Local\Programs\MiKTeX 2.9\tex/latex/translator\transl
ator-bibliography-dictionary-English.dict"
Dictionary: translator-bibliography-dictionary, Language: English 
)
("C:\Users\Pierce\AppData\Local\Programs\MiKTeX 2.9\tex/latex/translator\transl
ator-environment-dictionary-English.dict"
Dictionary: translator-environment-dictionary, Language: English 
)
("C:\Users\Pierce\AppData\Local\Programs\MiKTeX 2.9\tex/latex/translator\transl
ator-months-dictionary-English.dict"
Dictionary: translator-months-dictionary, Language: English 
)
("C:\Users\Pierce\AppData\Local\Programs\MiKTeX 2.9\tex/latex/translator\transl
ator-numbers-dictionary-English.dict"
Dictionary: translator-numbers-dictionary, Language: English 
)
("C:\Users\Pierce\AppData\Local\Programs\MiKTeX 2.9\tex/latex/translator\transl
ator-theorem-dictionary-English.dict"
Dictionary: translator-theorem-dictionary, Language: English 
) (presentation.nav)
LaTeX Font Info:    Try loading font information for U+msa on input line 14.

("C:\Users\Pierce\AppData\Local\Programs\MiKTeX 2.9\tex/latex/amsfonts\umsa.fd"
File: umsa.fd 2013/01/14 v3.01 AMS symbols A
)
LaTeX Font Info:    Try loading font information for U+msb on input line 14.
 ("C:\Users\Pierce\AppData\Local\Programs\MiKTeX 2.9\tex/latex/amsfonts\umsb.fd
"
File: umsb.fd 2013/01/14 v3.01 AMS symbols B
)
LaTeX Font Info:    Try loading font information for OT1+mathkerncmss on input 
line 14.

("C:\Users\Pierce\AppData\Local\Programs\MiKTeX 2.9\tex/latex/sansmathaccent\ot
1mathkerncmss.fd"
File: ot1mathkerncmss.fd 2020/01/31 Fontinst v1.933 font definitions for OT1/ma
thkerncmss.
) [1

{C:/Users/Pierce/AppData/Local/MiKTeX/2.9/pdftex/config/pdftex.map}] [2

]
<1D_mid_res.png, id=69, 602.25pt x 401.5pt>
File: 1D_mid_res.png Graphic file (type png)
<use 1D_mid_res.png>
Package pdftex.def Info: 1D_mid_res.png  used on input line 48.
(pdftex.def)             Requested size: 235.01831pt x 156.68239pt.
 [3

 <./1D_mid_res.png>]
\tf@nav=\write6
\openout6 = `presentation.nav'.

\tf@toc=\write7
\openout7 = `presentation.toc'.

\tf@snm=\write8
\openout8 = `presentation.snm'.

Package atveryend Info: Empty hook `BeforeClearDocument' on input line 49.
Package atveryend Info: Empty hook `AfterLastShipout' on input line 49.
 (presentation.aux)
Package atveryend Info: Executing hook `AtVeryEndDocument' on input line 49.
Package atveryend Info: Executing hook `AtEndAfterFileList' on input line 49.
Package rerunfilecheck Info: File `presentation.out' has not changed.
(rerunfilecheck)             Checksum: D41D8CD98F00B204E9800998ECF8427E;0.
 ) 
Here is how much of TeX's memory you used:
 17870 strings out of 492891
 348721 string characters out of 3123164
 420573 words of memory out of 3000000
 21339 multiletter control sequences out of 15000+200000
 14797 words of font info for 54 fonts, out of 3000000 for 9000
 1141 hyphenation exceptions out of 8191
 56i,14n,65p,803b,565s stack positions out of 5000i,500n,10000p,200000b,50000s
<C:/Users/Pierce/AppData/Local/Programs/MiKTeX 2.9/fonts/type1/public/amsfont
s/cm/cmss10.pfb><C:/Users/Pierce/AppData/Local/Programs/MiKTeX 2.9/fonts/type1/
public/amsfonts/cm/cmss12.pfb><C:/Users/Pierce/AppData/Local/Programs/MiKTeX 2.
9/fonts/type1/public/amsfonts/cm/cmss17.pfb><C:/Users/Pierce/AppData/Local/Prog
rams/MiKTeX 2.9/fonts/type1/public/amsfonts/cm/cmss8.pfb><C:/Users/Pierce/AppDa
ta/Local/Programs/MiKTeX 2.9/fonts/type1/public/amsfonts/symbols/msam10.pfb>
Output written on presentation.pdf (3 pages, 79092 bytes).
PDF statistics:
 114 PDF objects out of 1000 (max. 8388607)
 7 named destinations out of 1000 (max. 500000)
 48 words of extra memory for PDF output out of 10000 (max. 10000000)

